            Python関係の-D                                                                                                                          
                      本は---D                                                                                                                      
                    30冊ほど-D                                                                                                                      
                  持っている。-----------------D                                                                                                    
                      そのうち，-------D       |                                                                                                    
            Pythonプログラミングの-D   |       |                                                                                                    
                                本は---D       |                                                                                                    
                                   6冊-D       |                                                                                                    
                          持っているが，-------D                                                                                                    
                                    今でも-D   |                                                                                                    
                            利用しているのは---D                                                                                                    
                                          この-D                                                                                                    
                                       1冊だけ。-------------D                                                                                      
                                            理由は-----------D                                                                                      
                                            すべての-D       |                                                                                      
                                              コードが---D   |                                                                                      
                                                  実際に-D   |                                                                                      
                                              動作するので---D                                                                                      
                                                      応用に-D                                                                                      
                                      便利だからだからである。-------------------------D                                                            
                                                            他の-D                     |                                                            
                                                  プログラミングの-D                   |                                                            
                                                              本は，-------------D     |                                                            
                                                              動かない-D         |     |                                                            
                                                                コードに-------D |     |                                                            
                                                                      長い-D   | |     |                                                            
                                                                        長い-D | |     |                                                            
                                                                        解説を-D |     |                                                            
                                                                    しているのが-D     |                                                            
                                                                            多いが-----D                                                            
                                                                                何の-D |                                                            
                                                                                役にも-D                                                            
                                                                              立たない。-----------------D                                          
                                                                                    原著の-D             |                                          
                                                                     「IntroducingPython」に---D         |                                          
                                                                                     「pdf」を-D         |                                          
                                                                                          加えて-D       |                                          
                                                                            キーワード検索すると，-------D                                          
                                                                                              原著の-D   |                                          
                                                                                            電子書籍が---D                                          
                                                                                                  無償で-D                                          
                                                                                      ダウンロードできる。-------D                                  
                                                                                                    これから-----D                                  
                                                                                                      すべての-D |                                  
                                                                                                        コードが-D                                  
                                                                                          コピペできるようになる。-------------------------D        
                                                                                                            コードを-----D                 |        
                                                                                                       JupyterNotebook-D |                 |        
                                                                                                           （IPython）で-D                 |        
                                                                                                              動作させると-------D         |        
                                                                                                                    コードと-D   |         |        
                                                                                                                        出力が---D         |        
                                                                                                                   Webブラウザで-D         |        
                                                                                                              見られるようになり，---D     |        
                                                                                                                              保存も-D     |        
                                                                                                                            できるし，-----D        
                                                                                                                                たいへん---D        
                                                                                                                                    勉強に-D        
                                                                                                                                      なる。-------D
                                                                                                                                        教育の-D   |
                                                                                                                                        目的には-D |
                                                                                                                                            最適と-D
                                                                                                                                          思われる。
EOS
* 0 1D 1/2 1.930083
Python	名詞,固有名詞,組織,*,*,*,*
関係	名詞,サ変接続,*,*,*,*,関係,カンケイ,カンケイ
の	助詞,連体化,*,*,*,*,の,ノ,ノ
* 1 3D 0/1 1.784177
本	名詞,一般,*,*,*,*,本,ホン,ホン
は	助詞,係助詞,*,*,*,*,は,ハ,ワ
* 2 3D 1/2 3.256244
30	名詞,数,*,*,*,*,*
冊	名詞,接尾,助数詞,*,*,*,冊,サツ,サツ
ほど	助詞,副助詞,*,*,*,*,ほど,ホド,ホド
* 3 12D 0/2 1.129540
持っ	動詞,自立,*,*,五段・タ行,連用タ接続,持つ,モッ,モッ
て	助詞,接続助詞,*,*,*,*,て,テ,テ
いる	動詞,非自立,*,*,一段,基本形,いる,イル,イル
。	記号,句点,*,*,*,*,。,。,。
* 4 8D 0/0 0.844427
そのうち	副詞,一般,*,*,*,*,そのうち,ソノウチ,ソノウチ
，	記号,読点,*,*,*,*,，,，,，
* 5 6D 1/2 1.787619
Python	名詞,固有名詞,組織,*,*,*,*
プログラミング	名詞,サ変接続,*,*,*,*,プログラミング,プログラミング,プログラミング
の	助詞,連体化,*,*,*,*,の,ノ,ノ
* 6 8D 0/1 1.891433
本	名詞,一般,*,*,*,*,本,ホン,ホン
は	助詞,係助詞,*,*,*,*,は,ハ,ワ
* 7 8D 1/1 3.087960
6	名詞,数,*,*,*,*,*
冊	名詞,接尾,助数詞,*,*,*,冊,サツ,サツ
* 8 12D 0/3 0.475246
持っ	動詞,自立,*,*,五段・タ行,連用タ接続,持つ,モッ,モッ
て	助詞,接続助詞,*,*,*,*,て,テ,テ
いる	動詞,非自立,*,*,一段,基本形,いる,イル,イル
が	助詞,接続助詞,*,*,*,*,が,ガ,ガ
，	記号,読点,*,*,*,*,，,，,，
* 9 10D 0/1 1.674307
今	名詞,副詞可能,*,*,*,*,今,イマ,イマ
でも	助詞,副助詞,*,*,*,*,でも,デモ,デモ
* 10 12D 4/5 1.428652
利用	名詞,サ変接続,*,*,*,*,利用,リヨウ,リヨー
し	動詞,自立,*,*,サ変・スル,連用形,する,シ,シ
て	助詞,接続助詞,*,*,*,*,て,テ,テ
いる	動詞,非自立,*,*,一段,基本形,いる,イル,イル
の	名詞,非自立,一般,*,*,*,の,ノ,ノ
は	助詞,係助詞,*,*,*,*,は,ハ,ワ
* 11 12D 0/0 2.502888
この	連体詞,*,*,*,*,*,この,コノ,コノ
* 12 19D 1/2 1.515527
1	名詞,数,*,*,*,*,*
冊	名詞,接尾,助数詞,*,*,*,冊,サツ,サツ
だけ	助詞,副助詞,*,*,*,*,だけ,ダケ,ダケ
。	記号,句点,*,*,*,*,。,。,。
* 13 19D 0/1 1.483870
理由	名詞,一般,*,*,*,*,理由,リユウ,リユー
は	助詞,係助詞,*,*,*,*,は,ハ,ワ
* 14 15D 0/1 1.527021
すべて	名詞,副詞可能,*,*,*,*,すべて,スベテ,スベテ
の	助詞,連体化,*,*,*,*,の,ノ,ノ
* 15 17D 0/1 2.138824
コード	名詞,一般,*,*,*,*,コード,コード,コード
が	助詞,格助詞,一般,*,*,*,が,ガ,ガ
* 16 17D 0/1 1.901601
実際	副詞,助詞類接続,*,*,*,*,実際,ジッサイ,ジッサイ
に	助詞,副詞化,*,*,*,*,に,ニ,ニ
* 17 19D 1/2 1.532506
動作	名詞,サ変接続,*,*,*,*,動作,ドウサ,ドーサ
する	動詞,自立,*,*,サ変・スル,基本形,する,スル,スル
ので	助詞,接続助詞,*,*,*,*,ので,ノデ,ノデ
* 18 19D 0/1 2.618681
応用	名詞,サ変接続,*,*,*,*,応用,オウヨウ,オーヨー
に	助詞,格助詞,一般,*,*,*,に,ニ,ニ
* 19 32D 0/6 0.997493
便利	名詞,形容動詞語幹,*,*,*,*,便利,ベンリ,ベンリ
だ	助動詞,*,*,*,特殊・ダ,基本形,だ,ダ,ダ
から	助詞,接続助詞,*,*,*,*,から,カラ,カラ
だ	助動詞,*,*,*,特殊・ダ,基本形,だ,ダ,ダ
から	助詞,接続助詞,*,*,*,*,から,カラ,カラ
で	助動詞,*,*,*,特殊・ダ,連用形,だ,デ,デ
ある	助動詞,*,*,*,五段・ラ行アル,基本形,ある,アル,アル
。	記号,句点,*,*,*,*,。,。,。
* 20 21D 0/1 1.405830
他	名詞,一般,*,*,*,*,他,タ,タ
の	助詞,連体化,*,*,*,*,の,ノ,ノ
* 21 22D 0/1 1.877390
プログラミング	名詞,サ変接続,*,*,*,*,プログラミング,プログラミング,プログラミング
の	助詞,連体化,*,*,*,*,の,ノ,ノ
* 22 29D 0/1 0.025517
本	名詞,一般,*,*,*,*,本,ホン,ホン
は	助詞,係助詞,*,*,*,*,は,ハ,ワ
，	記号,読点,*,*,*,*,，,，,，
* 23 24D 0/1 1.332636
動か	動詞,自立,*,*,五段・カ行イ音便,未然形,動く,ウゴカ,ウゴカ
ない	助動詞,*,*,*,特殊・ナイ,基本形,ない,ナイ,ナイ
* 24 28D 0/1 1.505859
コード	名詞,一般,*,*,*,*,コード,コード,コード
に	助詞,格助詞,一般,*,*,*,に,ニ,ニ
* 25 26D 0/0 0.114269
長い	形容詞,自立,*,*,形容詞・アウオ段,基本形,長い,ナガイ,ナガイ
* 26 27D 0/0 1.713036
長い	形容詞,自立,*,*,形容詞・アウオ段,基本形,長い,ナガイ,ナガイ
* 27 28D 0/1 2.745229
解説	名詞,サ変接続,*,*,*,*,解説,カイセツ,カイセツ
を	助詞,格助詞,一般,*,*,*,を,ヲ,ヲ
* 28 29D 3/4 1.177127
し	動詞,自立,*,*,サ変・スル,連用形,する,シ,シ
て	助詞,接続助詞,*,*,*,*,て,テ,テ
いる	動詞,非自立,*,*,一段,基本形,いる,イル,イル
の	名詞,非自立,一般,*,*,*,の,ノ,ノ
が	助詞,格助詞,一般,*,*,*,が,ガ,ガ
* 29 32D 0/1 2.087497
多い	形容詞,自立,*,*,形容詞・アウオ段,基本形,多い,オオイ,オーイ
が	助詞,接続助詞,*,*,*,*,が,ガ,ガ
* 30 31D 0/1 1.722722
何	名詞,代名詞,一般,*,*,*,何,ナニ,ナニ
の	助詞,連体化,*,*,*,*,の,ノ,ノ
* 31 32D 0/2 3.531228
役	名詞,一般,*,*,*,*,役,ヤク,ヤク
に	助詞,格助詞,一般,*,*,*,に,ニ,ニ
も	助詞,係助詞,*,*,*,*,も,モ,モ
* 32 41D 0/1 0.973723
立た	動詞,自立,*,*,五段・タ行,未然形,立つ,タタ,タタ
ない	助動詞,*,*,*,特殊・ナイ,基本形,ない,ナイ,ナイ
。	記号,句点,*,*,*,*,。,。,。
* 33 34D 0/1 1.762936
原著	名詞,一般,*,*,*,*,原著,ゲンチョ,ゲンチョ
の	助詞,連体化,*,*,*,*,の,ノ,ノ
* 34 36D 2/4 0.831628
「	記号,括弧開,*,*,*,*,「,「,「
Introducing	名詞,固有名詞,組織,*,*,*,*
Python	名詞,一般,*,*,*,*,*
」	記号,括弧閉,*,*,*,*,」,」,」
に	助詞,格助詞,一般,*,*,*,に,ニ,ニ
* 35 36D 1/3 1.139907
「	記号,括弧開,*,*,*,*,「,「,「
pdf	名詞,固有名詞,組織,*,*,*,*
」	記号,括弧閉,*,*,*,*,」,」,」
を	助詞,格助詞,一般,*,*,*,を,ヲ,ヲ
* 36 37D 0/1 0.966941
加え	動詞,自立,*,*,一段,連用形,加える,クワエ,クワエ
て	助詞,接続助詞,*,*,*,*,て,テ,テ
* 37 41D 2/3 1.376255
キーワード	名詞,一般,*,*,*,*,キーワード,キーワード,キーワード
検索	名詞,サ変接続,*,*,*,*,検索,ケンサク,ケンサク
する	動詞,自立,*,*,サ変・スル,基本形,する,スル,スル
と	助詞,接続助詞,*,*,*,*,と,ト,ト
，	記号,読点,*,*,*,*,，,，,，
* 38 39D 0/1 1.825060
原著	名詞,一般,*,*,*,*,原著,ゲンチョ,ゲンチョ
の	助詞,連体化,*,*,*,*,の,ノ,ノ
* 39 41D 1/2 3.082405
電子	名詞,一般,*,*,*,*,電子,デンシ,デンシ
書籍	名詞,一般,*,*,*,*,書籍,ショセキ,ショセキ
が	助詞,格助詞,一般,*,*,*,が,ガ,ガ
* 40 41D 0/1 2.952354
無償	名詞,一般,*,*,*,*,無償,ムショウ,ムショー
で	助詞,格助詞,一般,*,*,*,で,デ,デ
* 41 45D 1/1 1.859619
ダウンロード	名詞,サ変接続,*,*,*,*,ダウンロード,ダウンロード,ダウンロード
できる	動詞,自立,*,*,一段,基本形,できる,デキル,デキル
。	記号,句点,*,*,*,*,。,。,。
* 42 45D 0/0 2.528026
これから	副詞,助詞類接続,*,*,*,*,これから,コレカラ,コレカラ
* 43 44D 0/1 1.567169
すべて	名詞,副詞可能,*,*,*,*,すべて,スベテ,スベテ
の	助詞,連体化,*,*,*,*,の,ノ,ノ
* 44 45D 0/1 2.700415
コード	名詞,一般,*,*,*,*,コード,コード,コード
が	助詞,格助詞,一般,*,*,*,が,ガ,ガ
* 45 58D 4/4 0.610838
コピペ	名詞,一般,*,*,*,*,*
できる	動詞,自立,*,*,一段,基本形,できる,デキル,デキル
よう	名詞,非自立,助動詞語幹,*,*,*,よう,ヨウ,ヨー
に	助詞,格助詞,一般,*,*,*,に,ニ,ニ
なる	動詞,自立,*,*,五段・ラ行,基本形,なる,ナル,ナル
。	記号,句点,*,*,*,*,。,。,。
* 46 49D 0/1 1.285454
コード	名詞,一般,*,*,*,*,コード,コード,コード
を	助詞,格助詞,一般,*,*,*,を,ヲ,ヲ
* 47 48D 1/1 0.064763
Jupyter	名詞,固有名詞,組織,*,*,*,*
Notebook	名詞,一般,*,*,*,*,*
* 48 49D 1/3 1.546855
（	記号,括弧開,*,*,*,*,（,（,（
IPython	名詞,固有名詞,組織,*,*,*,*
）	記号,括弧閉,*,*,*,*,）,）,）
で	助詞,格助詞,一般,*,*,*,で,デ,デ
* 49 53D 1/3 0.874286
動作	名詞,サ変接続,*,*,*,*,動作,ドウサ,ドーサ
さ	動詞,自立,*,*,サ変・スル,未然レル接続,する,サ,サ
せる	動詞,接尾,*,*,一段,基本形,せる,セル,セル
と	助詞,接続助詞,*,*,*,*,と,ト,ト
* 50 51D 0/1 0.652858
コード	名詞,一般,*,*,*,*,コード,コード,コード
と	助詞,格助詞,一般,*,*,*,と,ト,ト
* 51 53D 0/1 1.785428
出力	名詞,サ変接続,*,*,*,*,出力,シュツリョク,シュツリョク
が	助詞,格助詞,一般,*,*,*,が,ガ,ガ
* 52 53D 1/2 2.243318
Web	名詞,一般,*,*,*,*,*
ブラウザ	名詞,一般,*,*,*,*,*
で	助詞,格助詞,一般,*,*,*,で,デ,デ
* 53 55D 4/4 0.066808
見	動詞,自立,*,*,一段,未然形,見る,ミ,ミ
られる	動詞,接尾,*,*,一段,基本形,られる,ラレル,ラレル
よう	名詞,非自立,助動詞語幹,*,*,*,よう,ヨウ,ヨー
に	助詞,格助詞,一般,*,*,*,に,ニ,ニ
なり	動詞,自立,*,*,五段・ラ行,連用形,なる,ナリ,ナリ
，	記号,読点,*,*,*,*,，,，,，
* 54 55D 0/1 1.715335
保存	名詞,サ変接続,*,*,*,*,保存,ホゾン,ホゾン
も	助詞,係助詞,*,*,*,*,も,モ,モ
* 55 58D 0/1 1.892876
できる	動詞,自立,*,*,一段,基本形,できる,デキル,デキル
し	助詞,接続助詞,*,*,*,*,し,シ,シ
，	記号,読点,*,*,*,*,，,，,，
* 56 58D 0/0 2.627087
たいへん	副詞,助詞類接続,*,*,*,*,たいへん,タイヘン,タイヘン
* 57 58D 0/1 3.309766
勉強	名詞,サ変接続,*,*,*,*,勉強,ベンキョウ,ベンキョー
に	助詞,格助詞,一般,*,*,*,に,ニ,ニ
* 58 62D 0/0 -1.146038
なる	動詞,自立,*,*,五段・ラ行,基本形,なる,ナル,ナル
。	記号,句点,*,*,*,*,。,。,。
* 59 60D 0/1 2.431599
教育	名詞,サ変接続,*,*,*,*,教育,キョウイク,キョーイク
の	助詞,連体化,*,*,*,*,の,ノ,ノ
* 60 61D 0/2 0.607943
目的	名詞,一般,*,*,*,*,目的,モクテキ,モクテキ
に	助詞,格助詞,一般,*,*,*,に,ニ,ニ
は	助詞,係助詞,*,*,*,*,は,ハ,ワ
* 61 62D 0/1 -1.146038
最適	名詞,一般,*,*,*,*,最適,サイテキ,サイテキ
と	助詞,格助詞,引用,*,*,*,と,ト,ト
* 62 -1D 0/1 0.000000
思わ	動詞,自立,*,*,五段・ワ行促音便,未然形,思う,オモワ,オモワ
れる	動詞,接尾,*,*,一段,基本形,れる,レル,レル
。	記号,句点,*,*,*,*,。,。,。
EOS
