                      他の-D                                                          
                        方も-D                                                        
                  書かれている-D                                                      
                        とおり、-D                                                    
          初心者向きではないです。-----------D                                        
                              基本が-D       |                                        
                かかれているのですが、-------D                                        
                                  文書が---D |                                        
                                      頭に-D |                                        
                          入ってこないのは、-D                                        
                          なぜなんでしょうか。---------------------------D            
                                        たぶん、-------------------------D            
                                        初心者では-D                     |            
                                          わからない-D                   |            
                                                用語が---D               |            
                                                    急に-D               |            
                                              でてきたり、-------------D |            
                                                      なんで-----------D |            
                                                          いま---------D |            
                                                          ここで-------D |            
                                                              この---D | |            
                                                話にになるの？てきな-D | |            
                                                                ことが-D |            
                                              多いからなのではないかと、-D            
                                                              感じました。-----------D
                                                                オライリーの-D       |
                                                                        本でも---D   |
                                                                          失敗が-D   |
                                                                      あるのだなと---D
                                                                          ショックを-D
                                                                          受けました。
EOS
* 0 1D 0/1 2.057425
他	名詞,一般,*,*,*,*,他,タ,タ
の	助詞,連体化,*,*,*,*,の,ノ,ノ
* 1 2D 0/1 1.484543
方	名詞,非自立,一般,*,*,*,方,ホウ,ホー
も	助詞,係助詞,*,*,*,*,も,モ,モ
* 2 3D 0/3 1.407238
書か	動詞,自立,*,*,五段・カ行イ音便,未然形,書く,カカ,カカ
れ	動詞,接尾,*,*,一段,連用形,れる,レ,レ
て	助詞,接続助詞,*,*,*,*,て,テ,テ
いる	動詞,非自立,*,*,一段,基本形,いる,イル,イル
* 3 4D 0/0 1.324830
とおり	名詞,非自立,副詞可能,*,*,*,とおり,トオリ,トーリ
、	記号,読点,*,*,*,*,、,、,、
* 4 10D 1/5 0.665009
初心者	名詞,一般,*,*,*,*,初心者,ショシンシャ,ショシンシャ
向き	名詞,接尾,一般,*,*,*,向き,ムキ,ムキ
で	助詞,格助詞,一般,*,*,*,で,デ,デ
は	助詞,係助詞,*,*,*,*,は,ハ,ワ
ない	助動詞,*,*,*,特殊・ナイ,基本形,ない,ナイ,ナイ
です	助動詞,*,*,*,特殊・デス,基本形,です,デス,デス
。	記号,句点,*,*,*,*,。,。,。
* 5 6D 0/1 4.485692
基本	名詞,一般,*,*,*,*,基本,キホン,キホン
が	助詞,格助詞,一般,*,*,*,が,ガ,ガ
* 6 10D 3/5 1.518734
かかれ	動詞,自立,*,*,一段,連用形,かかれる,カカレ,カカレ
て	助詞,接続助詞,*,*,*,*,て,テ,テ
いる	動詞,非自立,*,*,一段,基本形,いる,イル,イル
の	名詞,非自立,一般,*,*,*,の,ノ,ノ
です	助動詞,*,*,*,特殊・デス,基本形,です,デス,デス
が	助詞,接続助詞,*,*,*,*,が,ガ,ガ
、	記号,読点,*,*,*,*,、,、,、
* 7 9D 0/1 2.922005
文書	名詞,一般,*,*,*,*,文書,ブンショ,ブンショ
が	助詞,格助詞,一般,*,*,*,が,ガ,ガ
* 8 9D 0/1 3.066030
頭	名詞,一般,*,*,*,*,頭,アタマ,アタマ
に	助詞,格助詞,一般,*,*,*,に,ニ,ニ
* 9 10D 4/5 1.380515
入っ	動詞,自立,*,*,五段・ラ行,連用タ接続,入る,ハイッ,ハイッ
て	助詞,接続助詞,*,*,*,*,て,テ,テ
こ	動詞,非自立,*,*,カ変・クル,未然形,くる,コ,コ
ない	助動詞,*,*,*,特殊・ナイ,基本形,ない,ナイ,ナイ
の	名詞,非自立,一般,*,*,*,の,ノ,ノ
は	助詞,係助詞,*,*,*,*,は,ハ,ワ
、	記号,読点,*,*,*,*,、,、,、
* 10 24D 2/5 2.292094
なぜ	副詞,助詞類接続,*,*,*,*,なぜ,ナゼ,ナゼ
な	助動詞,*,*,*,特殊・ダ,体言接続,だ,ナ,ナ
ん	名詞,非自立,一般,*,*,*,ん,ン,ン
でしょ	助動詞,*,*,*,特殊・デス,未然形,です,デショ,デショ
う	助動詞,*,*,*,不変化型,基本形,う,ウ,ウ
か	助詞,副助詞／並立助詞／終助詞,*,*,*,*,か,カ,カ
。	記号,句点,*,*,*,*,。,。,。
* 11 24D 0/0 1.648305
たぶん	副詞,一般,*,*,*,*,たぶん,タブン,タブン
、	記号,読点,*,*,*,*,、,、,、
* 12 13D 0/2 0.982198
初心者	名詞,一般,*,*,*,*,初心者,ショシンシャ,ショシンシャ
で	助詞,格助詞,一般,*,*,*,で,デ,デ
は	助詞,係助詞,*,*,*,*,は,ハ,ワ
* 13 14D 0/1 1.108941
わから	動詞,自立,*,*,五段・ラ行,未然形,わかる,ワカラ,ワカラ
ない	助動詞,*,*,*,特殊・ナイ,基本形,ない,ナイ,ナイ
* 14 16D 0/1 1.031316
用語	名詞,一般,*,*,*,*,用語,ヨウゴ,ヨーゴ
が	助詞,格助詞,一般,*,*,*,が,ガ,ガ
* 15 16D 0/1 1.786187
急	名詞,形容動詞語幹,*,*,*,*,急,キュウ,キュー
に	助詞,副詞化,*,*,*,*,に,ニ,ニ
* 16 23D 0/3 1.182499
で	動詞,自立,*,*,一段,連用形,でる,デ,デ
て	助詞,接続助詞,*,*,*,*,て,テ,テ
き	動詞,非自立,*,*,カ変・クル,連用形,くる,キ,キ
たり	助詞,並立助詞,*,*,*,*,たり,タリ,タリ
、	記号,読点,*,*,*,*,、,、,、
* 17 23D 0/0 0.701931
なんで	副詞,一般,*,*,*,*,なんで,ナンデ,ナンデ
* 18 23D 0/0 0.795555
いま	名詞,副詞可能,*,*,*,*,いま,イマ,イマ
* 19 23D 0/1 1.651681
ここ	名詞,代名詞,一般,*,*,*,ここ,ココ,ココ
で	助詞,格助詞,一般,*,*,*,で,デ,デ
* 20 22D 0/0 1.475793
この	連体詞,*,*,*,*,*,この,コノ,コノ
* 21 22D 3/8 1.913664
話	名詞,サ変接続,*,*,*,*,話,ハナシ,ハナシ
に	助詞,格助詞,一般,*,*,*,に,ニ,ニ
に	助詞,格助詞,一般,*,*,*,に,ニ,ニ
なる	動詞,自立,*,*,五段・ラ行,基本形,なる,ナル,ナル
の	助詞,終助詞,*,*,*,*,の,ノ,ノ
？	記号,一般,*,*,*,*,？,？,？
て	助詞,接続助詞,*,*,*,*,て,テ,テ
き	動詞,非自立,*,*,カ変・クル,連用形,くる,キ,キ
な	助動詞,*,*,*,特殊・ダ,体言接続,だ,ナ,ナ
* 22 23D 0/1 2.785430
こと	名詞,非自立,一般,*,*,*,こと,コト,コト
が	助詞,格助詞,一般,*,*,*,が,ガ,ガ
* 23 24D 3/8 2.243986
多い	形容詞,自立,*,*,形容詞・アウオ段,基本形,多い,オオイ,オーイ
から	助詞,格助詞,一般,*,*,*,から,カラ,カラ
な	助動詞,*,*,*,特殊・ダ,体言接続,だ,ナ,ナ
の	名詞,非自立,一般,*,*,*,の,ノ,ノ
で	助動詞,*,*,*,特殊・ダ,連用形,だ,デ,デ
は	助詞,係助詞,*,*,*,*,は,ハ,ワ
ない	助動詞,*,*,*,特殊・ナイ,基本形,ない,ナイ,ナイ
か	助詞,副助詞／並立助詞／終助詞,*,*,*,*,か,カ,カ
と	助詞,格助詞,引用,*,*,*,と,ト,ト
、	記号,読点,*,*,*,*,、,、,、
* 24 30D 0/2 -1.076481
感じ	動詞,自立,*,*,一段,連用形,感じる,カンジ,カンジ
まし	助動詞,*,*,*,特殊・マス,連用形,ます,マシ,マシ
た	助動詞,*,*,*,特殊・タ,基本形,た,タ,タ
。	記号,句点,*,*,*,*,。,。,。
* 25 26D 0/1 1.594640
オライリー	名詞,一般,*,*,*,*,*
の	助詞,連体化,*,*,*,*,の,ノ,ノ
* 26 28D 0/2 1.261477
本	名詞,一般,*,*,*,*,本,ホン,ホン
で	助詞,格助詞,一般,*,*,*,で,デ,デ
も	助詞,係助詞,*,*,*,*,も,モ,モ
* 27 28D 0/1 2.414024
失敗	名詞,サ変接続,*,*,*,*,失敗,シッパイ,シッパイ
が	助詞,格助詞,一般,*,*,*,が,ガ,ガ
* 28 30D 1/4 -1.076481
ある	動詞,自立,*,*,五段・ラ行,基本形,ある,アル,アル
の	名詞,非自立,一般,*,*,*,の,ノ,ノ
だ	助動詞,*,*,*,特殊・ダ,基本形,だ,ダ,ダ
な	助詞,終助詞,*,*,*,*,な,ナ,ナ
と	助詞,格助詞,引用,*,*,*,と,ト,ト
* 29 30D 0/1 -1.076481
ショック	名詞,一般,*,*,*,*,ショック,ショック,ショック
を	助詞,格助詞,一般,*,*,*,を,ヲ,ヲ
* 30 -1D 0/2 0.000000
受け	動詞,自立,*,*,一段,連用形,受ける,ウケ,ウケ
まし	助動詞,*,*,*,特殊・マス,連用形,ます,マシ,マシ
た	助動詞,*,*,*,特殊・タ,基本形,た,タ,タ
。	記号,句点,*,*,*,*,。,。,。
EOS
