calculateTextScore: Text 0
weightPhrase: Text 0
cursorMainWord: Phrase 0
cursorMainWord: Phrase 1
cursorMainWord: Phrase 2
cursorMainWord: Phrase 3
cursorMainWord: Phrase 0
cursorMainWord: Phrase 1
cursorMainWord: Phrase 2
cursorMainWord: Phrase 3
cursorMainWord: Phrase 4
cursorMainWord: Phrase 5
cursorMainWord: Phrase 6
cursorMainWord: Phrase 7
cursorMainWord: Phrase 8
cursorMainWord: Phrase 0
cursorMainWord: Phrase 1
cursorMainWord: Phrase 2
cursorMainWord: Phrase 3
cursorMainWord: Phrase 4
cursorMainWord: Phrase 5
cursorMainWord: Phrase 6
cursorMainWord: Phrase 0
cursorMainWord: Phrase 1
cursorMainWord: Phrase 2
cursorMainWord: Phrase 3
cursorMainWord: Phrase 4
cursorMainWord: Phrase 5
cursorMainWord: Phrase 6
cursorMainWord: Phrase 7
cursorMainWord: Phrase 8
cursorMainWord: Phrase 9
cursorMainWord: Phrase 10
cursorMainWord: Phrase 11
cursorMainWord: Phrase 12
cursorMainWord: Phrase 0
cursorMainWord: Phrase 1
cursorMainWord: Phrase 2
cursorMainWord: Phrase 3
cursorMainWord: Phrase 4
cursorMainWord: Phrase 5
cursorMainWord: Phrase 6
cursorMainWord: Phrase 7
cursorMainWord: Phrase 8
cursorMainWord: Phrase 0
cursorMainWord: Phrase 1
cursorMainWord: Phrase 2
cursorMainWord: Phrase 3
cursorMainWord: Phrase 0
cursorMainWord: Phrase 1
cursorMainWord: Phrase 2
cursorMainWord: Phrase 3
cursorMainWord: Phrase 4
cursorMainWord: Phrase 5
cursorMainWord: Phrase 6
cursorMainWord: Phrase 7
cursorMainWord: Phrase 8
cursorMainWord: Phrase 9
cursorMainWord: Phrase 10
cursorMainWord: Phrase 11
cursorMainWord: Phrase 12
cursorMainWord: Phrase 0
cursorMainWord: Phrase 1
cursorMainWord: Phrase 2
cursorMainWord: Phrase 3
each phrases' weight in Sentence 0
in Phrase 0
in Phrase 1
in Phrase 2
in Phrase 3
each phrases' weight in Sentence 1
in Phrase 0
in Phrase 1
in Phrase 2
in Phrase 3
in Phrase 4
in Phrase 5
in Phrase 6
in Phrase 7
in Phrase 8
each phrases' weight in Sentence 2
in Phrase 0
in Phrase 1
in Phrase 2
in Phrase 3
in Phrase 4
in Phrase 5
in Phrase 6
each phrases' weight in Sentence 3
in Phrase 0
in Phrase 1
in Phrase 2
in Phrase 3
in Phrase 4
in Phrase 5
in Phrase 6
in Phrase 7
in Phrase 8
in Phrase 9
in Phrase 10
in Phrase 11
in Phrase 12
each phrases' weight in Sentence 4
in Phrase 0
in Phrase 1
in Phrase 2
in Phrase 3
in Phrase 4
in Phrase 5
in Phrase 6
in Phrase 7
in Phrase 8
each phrases' weight in Sentence 5
in Phrase 0
in Phrase 1
in Phrase 2
in Phrase 3
each phrases' weight in Sentence 6
in Phrase 0
in Phrase 1
in Phrase 2
in Phrase 3
in Phrase 4
in Phrase 5
in Phrase 6
in Phrase 7
in Phrase 8
in Phrase 9
in Phrase 10
in Phrase 11
in Phrase 12
each phrases' weight in Sentence 7
in Phrase 0
in Phrase 1
in Phrase 2
in Phrase 3
calculateTextScore: Text 1
weightPhrase: Text 1
cursorMainWord: Phrase 0
cursorMainWord: Phrase 1
cursorMainWord: Phrase 2
cursorMainWord: Phrase 0
cursorMainWord: Phrase 1
cursorMainWord: Phrase 2
cursorMainWord: Phrase 3
cursorMainWord: Phrase 4
cursorMainWord: Phrase 5
cursorMainWord: Phrase 6
cursorMainWord: Phrase 7
cursorMainWord: Phrase 8
cursorMainWord: Phrase 9
cursorMainWord: Phrase 10
cursorMainWord: Phrase 11
cursorMainWord: Phrase 12
cursorMainWord: Phrase 0
cursorMainWord: Phrase 1
cursorMainWord: Phrase 2
cursorMainWord: Phrase 3
cursorMainWord: Phrase 4
cursorMainWord: Phrase 5
cursorMainWord: Phrase 6
cursorMainWord: Phrase 7
cursorMainWord: Phrase 8
cursorMainWord: Phrase 9
cursorMainWord: Phrase 10
cursorMainWord: Phrase 11
cursorMainWord: Phrase 12
cursorMainWord: Phrase 13
cursorMainWord: Phrase 0
cursorMainWord: Phrase 1
cursorMainWord: Phrase 2
cursorMainWord: Phrase 3
cursorMainWord: Phrase 4
cursorMainWord: Phrase 5
cursorMainWord: Phrase 6
cursorMainWord: Phrase 7
cursorMainWord: Phrase 8
cursorMainWord: Phrase 9
cursorMainWord: Phrase 10
cursorMainWord: Phrase 11
cursorMainWord: Phrase 12
cursorMainWord: Phrase 13
cursorMainWord: Phrase 14
cursorMainWord: Phrase 15
cursorMainWord: Phrase 0
cursorMainWord: Phrase 1
cursorMainWord: Phrase 2
cursorMainWord: Phrase 3
cursorMainWord: Phrase 4
cursorMainWord: Phrase 5
cursorMainWord: Phrase 6
cursorMainWord: Phrase 7
cursorMainWord: Phrase 8
cursorMainWord: Phrase 9
cursorMainWord: Phrase 10
cursorMainWord: Phrase 11
cursorMainWord: Phrase 12
cursorMainWord: Phrase 13
cursorMainWord: Phrase 14
cursorMainWord: Phrase 15
cursorMainWord: Phrase 16
cursorMainWord: Phrase 0
cursorMainWord: Phrase 1
cursorMainWord: Phrase 2
cursorMainWord: Phrase 3
cursorMainWord: Phrase 4
cursorMainWord: Phrase 5
cursorMainWord: Phrase 6
cursorMainWord: Phrase 7
cursorMainWord: Phrase 8
cursorMainWord: Phrase 9
cursorMainWord: Phrase 10
cursorMainWord: Phrase 11
cursorMainWord: Phrase 12
cursorMainWord: Phrase 13
cursorMainWord: Phrase 0
cursorMainWord: Phrase 1
cursorMainWord: Phrase 2
cursorMainWord: Phrase 3
cursorMainWord: Phrase 4
cursorMainWord: Phrase 5
cursorMainWord: Phrase 0
cursorMainWord: Phrase 1
cursorMainWord: Phrase 2
cursorMainWord: Phrase 3
cursorMainWord: Phrase 4
cursorMainWord: Phrase 5
cursorMainWord: Phrase 6
cursorMainWord: Phrase 7
cursorMainWord: Phrase 0
cursorMainWord: Phrase 1
cursorMainWord: Phrase 2
cursorMainWord: Phrase 3
cursorMainWord: Phrase 4
cursorMainWord: Phrase 5
cursorMainWord: Phrase 6
cursorMainWord: Phrase 7
cursorMainWord: Phrase 8
cursorMainWord: Phrase 9
cursorMainWord: Phrase 10
cursorMainWord: Phrase 11
each phrases' weight in Sentence 0
in Phrase 0
in Phrase 1
in Phrase 2
each phrases' weight in Sentence 1
in Phrase 0
in Phrase 1
in Phrase 2
in Phrase 3
in Phrase 4
in Phrase 5
in Phrase 6
in Phrase 7
in Phrase 8
in Phrase 9
in Phrase 10
in Phrase 11
in Phrase 12
each phrases' weight in Sentence 2
in Phrase 0
in Phrase 1
in Phrase 2
in Phrase 3
in Phrase 4
in Phrase 5
in Phrase 6
in Phrase 7
in Phrase 8
in Phrase 9
in Phrase 10
in Phrase 11
in Phrase 12
in Phrase 13
each phrases' weight in Sentence 3
in Phrase 0
in Phrase 1
in Phrase 2
in Phrase 3
in Phrase 4
in Phrase 5
in Phrase 6
in Phrase 7
in Phrase 8
in Phrase 9
in Phrase 10
in Phrase 11
in Phrase 12
in Phrase 13
in Phrase 14
in Phrase 15
each phrases' weight in Sentence 4
in Phrase 0
in Phrase 1
in Phrase 2
in Phrase 3
in Phrase 4
in Phrase 5
in Phrase 6
in Phrase 7
in Phrase 8
in Phrase 9
in Phrase 10
in Phrase 11
in Phrase 12
in Phrase 13
in Phrase 14
in Phrase 15
in Phrase 16
each phrases' weight in Sentence 5
in Phrase 0
in Phrase 1
in Phrase 2
in Phrase 3
in Phrase 4
in Phrase 5
in Phrase 6
in Phrase 7
in Phrase 8
in Phrase 9
in Phrase 10
in Phrase 11
in Phrase 12
in Phrase 13
each phrases' weight in Sentence 6
in Phrase 0
in Phrase 1
in Phrase 2
in Phrase 3
in Phrase 4
in Phrase 5
each phrases' weight in Sentence 7
in Phrase 0
in Phrase 1
in Phrase 2
in Phrase 3
in Phrase 4
in Phrase 5
in Phrase 6
in Phrase 7
each phrases' weight in Sentence 8
in Phrase 0
in Phrase 1
in Phrase 2
in Phrase 3
in Phrase 4
in Phrase 5
in Phrase 6
in Phrase 7
in Phrase 8
in Phrase 9
in Phrase 10
in Phrase 11
calculateTextScore: Text 2
weightPhrase: Text 2
cursorMainWord: Phrase 0
cursorMainWord: Phrase 1
cursorMainWord: Phrase 2
cursorMainWord: Phrase 3
cursorMainWord: Phrase 4
cursorMainWord: Phrase 5
cursorMainWord: Phrase 6
cursorMainWord: Phrase 7
each phrases' weight in Sentence 0
in Phrase 0
in Phrase 1
in Phrase 2
in Phrase 3
in Phrase 4
in Phrase 5
in Phrase 6
in Phrase 7
calculateTextScore: Text 3
weightPhrase: Text 3
cursorMainWord: Phrase 0
cursorMainWord: Phrase 1
cursorMainWord: Phrase 2
cursorMainWord: Phrase 3
cursorMainWord: Phrase 4
cursorMainWord: Phrase 5
cursorMainWord: Phrase 6
cursorMainWord: Phrase 0
cursorMainWord: Phrase 1
cursorMainWord: Phrase 2
cursorMainWord: Phrase 3
cursorMainWord: Phrase 4
cursorMainWord: Phrase 5
cursorMainWord: Phrase 6
cursorMainWord: Phrase 7
cursorMainWord: Phrase 8
cursorMainWord: Phrase 9
cursorMainWord: Phrase 10
cursorMainWord: Phrase 11
cursorMainWord: Phrase 12
cursorMainWord: Phrase 13
cursorMainWord: Phrase 14
cursorMainWord: Phrase 15
cursorMainWord: Phrase 16
cursorMainWord: Phrase 0
cursorMainWord: Phrase 1
cursorMainWord: Phrase 2
cursorMainWord: Phrase 3
cursorMainWord: Phrase 4
cursorMainWord: Phrase 5
cursorMainWord: Phrase 6
cursorMainWord: Phrase 7
cursorMainWord: Phrase 8
cursorMainWord: Phrase 0
cursorMainWord: Phrase 1
cursorMainWord: Phrase 2
cursorMainWord: Phrase 3
cursorMainWord: Phrase 4
cursorMainWord: Phrase 5
cursorMainWord: Phrase 6
cursorMainWord: Phrase 7
cursorMainWord: Phrase 8
each phrases' weight in Sentence 0
in Phrase 0
in Phrase 1
in Phrase 2
in Phrase 3
in Phrase 4
in Phrase 5
in Phrase 6
each phrases' weight in Sentence 1
in Phrase 0
in Phrase 1
in Phrase 2
in Phrase 3
in Phrase 4
in Phrase 5
in Phrase 6
in Phrase 7
in Phrase 8
in Phrase 9
in Phrase 10
in Phrase 11
in Phrase 12
in Phrase 13
in Phrase 14
in Phrase 15
in Phrase 16
each phrases' weight in Sentence 2
in Phrase 0
in Phrase 1
in Phrase 2
in Phrase 3
in Phrase 4
in Phrase 5
in Phrase 6
in Phrase 7
in Phrase 8
each phrases' weight in Sentence 3
in Phrase 0
in Phrase 1
in Phrase 2
in Phrase 3
in Phrase 4
in Phrase 5
in Phrase 6
in Phrase 7
in Phrase 8
calculateTextScore: Text 4
weightPhrase: Text 4
cursorMainWord: Phrase 0
cursorMainWord: Phrase 1
cursorMainWord: Phrase 2
cursorMainWord: Phrase 3
cursorMainWord: Phrase 4
cursorMainWord: Phrase 5
cursorMainWord: Phrase 6
cursorMainWord: Phrase 7
cursorMainWord: Phrase 8
cursorMainWord: Phrase 9
cursorMainWord: Phrase 10
cursorMainWord: Phrase 11
cursorMainWord: Phrase 12
cursorMainWord: Phrase 13
cursorMainWord: Phrase 14
cursorMainWord: Phrase 15
cursorMainWord: Phrase 16
cursorMainWord: Phrase 17
cursorMainWord: Phrase 18
cursorMainWord: Phrase 19
cursorMainWord: Phrase 20
cursorMainWord: Phrase 21
cursorMainWord: Phrase 22
cursorMainWord: Phrase 23
cursorMainWord: Phrase 24
cursorMainWord: Phrase 25
cursorMainWord: Phrase 26
cursorMainWord: Phrase 27
cursorMainWord: Phrase 28
cursorMainWord: Phrase 29
cursorMainWord: Phrase 30
cursorMainWord: Phrase 0
cursorMainWord: Phrase 1
cursorMainWord: Phrase 2
cursorMainWord: Phrase 3
cursorMainWord: Phrase 4
cursorMainWord: Phrase 5
cursorMainWord: Phrase 6
cursorMainWord: Phrase 7
cursorMainWord: Phrase 8
cursorMainWord: Phrase 9
cursorMainWord: Phrase 10
cursorMainWord: Phrase 11
cursorMainWord: Phrase 12
cursorMainWord: Phrase 13
cursorMainWord: Phrase 14
cursorMainWord: Phrase 15
cursorMainWord: Phrase 16
cursorMainWord: Phrase 17
cursorMainWord: Phrase 18
cursorMainWord: Phrase 19
cursorMainWord: Phrase 20
cursorMainWord: Phrase 21
each phrases' weight in Sentence 0
in Phrase 0
in Phrase 1
in Phrase 2
in Phrase 3
in Phrase 4
in Phrase 5
in Phrase 6
in Phrase 7
in Phrase 8
in Phrase 9
in Phrase 10
in Phrase 11
in Phrase 12
in Phrase 13
in Phrase 14
in Phrase 15
in Phrase 16
in Phrase 17
in Phrase 18
in Phrase 19
in Phrase 20
in Phrase 21
in Phrase 22
in Phrase 23
in Phrase 24
in Phrase 25
in Phrase 26
in Phrase 27
in Phrase 28
in Phrase 29
in Phrase 30
each phrases' weight in Sentence 1
in Phrase 0
in Phrase 1
in Phrase 2
in Phrase 3
in Phrase 4
in Phrase 5
in Phrase 6
in Phrase 7
in Phrase 8
in Phrase 9
in Phrase 10
in Phrase 11
in Phrase 12
in Phrase 13
in Phrase 14
in Phrase 15
in Phrase 16
in Phrase 17
in Phrase 18
in Phrase 19
in Phrase 20
in Phrase 21
calculateTextScore: Text 5
weightPhrase: Text 5
cursorMainWord: Phrase 0
cursorMainWord: Phrase 1
cursorMainWord: Phrase 2
cursorMainWord: Phrase 3
cursorMainWord: Phrase 4
cursorMainWord: Phrase 5
cursorMainWord: Phrase 6
cursorMainWord: Phrase 7
cursorMainWord: Phrase 8
cursorMainWord: Phrase 9
cursorMainWord: Phrase 10
cursorMainWord: Phrase 11
cursorMainWord: Phrase 12
cursorMainWord: Phrase 13
cursorMainWord: Phrase 14
cursorMainWord: Phrase 15
cursorMainWord: Phrase 16
cursorMainWord: Phrase 17
cursorMainWord: Phrase 18
cursorMainWord: Phrase 0
cursorMainWord: Phrase 1
cursorMainWord: Phrase 2
cursorMainWord: Phrase 3
cursorMainWord: Phrase 4
cursorMainWord: Phrase 5
cursorMainWord: Phrase 0
cursorMainWord: Phrase 1
cursorMainWord: Phrase 2
cursorMainWord: Phrase 3
cursorMainWord: Phrase 4
cursorMainWord: Phrase 5
cursorMainWord: Phrase 6
cursorMainWord: Phrase 7
cursorMainWord: Phrase 8
cursorMainWord: Phrase 9
cursorMainWord: Phrase 10
cursorMainWord: Phrase 11
cursorMainWord: Phrase 12
cursorMainWord: Phrase 13
cursorMainWord: Phrase 14
cursorMainWord: Phrase 15
cursorMainWord: Phrase 16
cursorMainWord: Phrase 0
cursorMainWord: Phrase 1
cursorMainWord: Phrase 2
cursorMainWord: Phrase 3
cursorMainWord: Phrase 4
cursorMainWord: Phrase 0
cursorMainWord: Phrase 1
cursorMainWord: Phrase 2
cursorMainWord: Phrase 3
cursorMainWord: Phrase 4
cursorMainWord: Phrase 5
cursorMainWord: Phrase 6
cursorMainWord: Phrase 7
cursorMainWord: Phrase 8
cursorMainWord: Phrase 9
cursorMainWord: Phrase 10
cursorMainWord: Phrase 0
cursorMainWord: Phrase 1
cursorMainWord: Phrase 2
cursorMainWord: Phrase 3
cursorMainWord: Phrase 4
cursorMainWord: Phrase 5
cursorMainWord: Phrase 0
cursorMainWord: Phrase 1
cursorMainWord: Phrase 2
cursorMainWord: Phrase 3
cursorMainWord: Phrase 4
cursorMainWord: Phrase 5
cursorMainWord: Phrase 6
cursorMainWord: Phrase 7
cursorMainWord: Phrase 8
cursorMainWord: Phrase 9
cursorMainWord: Phrase 0
cursorMainWord: Phrase 1
cursorMainWord: Phrase 2
cursorMainWord: Phrase 3
cursorMainWord: Phrase 4
cursorMainWord: Phrase 5
cursorMainWord: Phrase 6
cursorMainWord: Phrase 7
cursorMainWord: Phrase 8
cursorMainWord: Phrase 9
cursorMainWord: Phrase 10
cursorMainWord: Phrase 11
cursorMainWord: Phrase 12
cursorMainWord: Phrase 0
cursorMainWord: Phrase 1
cursorMainWord: Phrase 2
cursorMainWord: Phrase 3
cursorMainWord: Phrase 4
cursorMainWord: Phrase 5
cursorMainWord: Phrase 6
cursorMainWord: Phrase 0
cursorMainWord: Phrase 1
cursorMainWord: Phrase 2
cursorMainWord: Phrase 3
cursorMainWord: Phrase 4
cursorMainWord: Phrase 5
cursorMainWord: Phrase 6
cursorMainWord: Phrase 7
cursorMainWord: Phrase 8
cursorMainWord: Phrase 0
cursorMainWord: Phrase 1
cursorMainWord: Phrase 2
cursorMainWord: Phrase 3
cursorMainWord: Phrase 4
cursorMainWord: Phrase 5
cursorMainWord: Phrase 6
cursorMainWord: Phrase 7
cursorMainWord: Phrase 8
cursorMainWord: Phrase 9
cursorMainWord: Phrase 0
cursorMainWord: Phrase 1
cursorMainWord: Phrase 2
cursorMainWord: Phrase 3
cursorMainWord: Phrase 4
cursorMainWord: Phrase 5
cursorMainWord: Phrase 6
cursorMainWord: Phrase 7
each phrases' weight in Sentence 0
in Phrase 0
in Phrase 1
in Phrase 2
in Phrase 3
in Phrase 4
in Phrase 5
in Phrase 6
in Phrase 7
in Phrase 8
in Phrase 9
in Phrase 10
in Phrase 11
in Phrase 12
in Phrase 13
in Phrase 14
in Phrase 15
in Phrase 16
in Phrase 17
in Phrase 18
each phrases' weight in Sentence 1
in Phrase 0
in Phrase 1
in Phrase 2
in Phrase 3
in Phrase 4
in Phrase 5
each phrases' weight in Sentence 2
in Phrase 0
in Phrase 1
in Phrase 2
in Phrase 3
in Phrase 4
in Phrase 5
in Phrase 6
in Phrase 7
in Phrase 8
in Phrase 9
in Phrase 10
in Phrase 11
in Phrase 12
in Phrase 13
in Phrase 14
in Phrase 15
in Phrase 16
each phrases' weight in Sentence 3
in Phrase 0
in Phrase 1
in Phrase 2
in Phrase 3
in Phrase 4
each phrases' weight in Sentence 4
in Phrase 0
in Phrase 1
in Phrase 2
in Phrase 3
in Phrase 4
in Phrase 5
in Phrase 6
in Phrase 7
in Phrase 8
in Phrase 9
in Phrase 10
each phrases' weight in Sentence 5
in Phrase 0
in Phrase 1
in Phrase 2
in Phrase 3
in Phrase 4
in Phrase 5
each phrases' weight in Sentence 6
in Phrase 0
in Phrase 1
in Phrase 2
in Phrase 3
in Phrase 4
in Phrase 5
in Phrase 6
in Phrase 7
in Phrase 8
in Phrase 9
each phrases' weight in Sentence 7
in Phrase 0
in Phrase 1
in Phrase 2
in Phrase 3
in Phrase 4
in Phrase 5
in Phrase 6
in Phrase 7
in Phrase 8
in Phrase 9
in Phrase 10
in Phrase 11
in Phrase 12
each phrases' weight in Sentence 8
in Phrase 0
in Phrase 1
in Phrase 2
in Phrase 3
in Phrase 4
in Phrase 5
in Phrase 6
each phrases' weight in Sentence 9
in Phrase 0
in Phrase 1
in Phrase 2
in Phrase 3
in Phrase 4
in Phrase 5
in Phrase 6
in Phrase 7
in Phrase 8
each phrases' weight in Sentence 10
in Phrase 0
in Phrase 1
in Phrase 2
in Phrase 3
in Phrase 4
in Phrase 5
in Phrase 6
in Phrase 7
in Phrase 8
in Phrase 9
each phrases' weight in Sentence 11
in Phrase 0
in Phrase 1
in Phrase 2
in Phrase 3
in Phrase 4
in Phrase 5
in Phrase 6
in Phrase 7
calculateTextScore: Text 6
weightPhrase: Text 6
cursorMainWord: Phrase 0
cursorMainWord: Phrase 1
cursorMainWord: Phrase 2
cursorMainWord: Phrase 3
cursorMainWord: Phrase 4
cursorMainWord: Phrase 5
cursorMainWord: Phrase 6
cursorMainWord: Phrase 7
cursorMainWord: Phrase 0
cursorMainWord: Phrase 1
cursorMainWord: Phrase 2
cursorMainWord: Phrase 3
cursorMainWord: Phrase 4
cursorMainWord: Phrase 5
cursorMainWord: Phrase 0
cursorMainWord: Phrase 1
cursorMainWord: Phrase 2
cursorMainWord: Phrase 3
cursorMainWord: Phrase 4
cursorMainWord: Phrase 5
cursorMainWord: Phrase 6
cursorMainWord: Phrase 7
cursorMainWord: Phrase 8
cursorMainWord: Phrase 9
cursorMainWord: Phrase 10
cursorMainWord: Phrase 11
cursorMainWord: Phrase 0
cursorMainWord: Phrase 1
cursorMainWord: Phrase 2
cursorMainWord: Phrase 3
cursorMainWord: Phrase 4
cursorMainWord: Phrase 5
cursorMainWord: Phrase 6
cursorMainWord: Phrase 7
cursorMainWord: Phrase 8
cursorMainWord: Phrase 0
cursorMainWord: Phrase 1
cursorMainWord: Phrase 2
cursorMainWord: Phrase 3
cursorMainWord: Phrase 0
cursorMainWord: Phrase 1
cursorMainWord: Phrase 2
cursorMainWord: Phrase 3
cursorMainWord: Phrase 4
cursorMainWord: Phrase 5
cursorMainWord: Phrase 6
cursorMainWord: Phrase 7
cursorMainWord: Phrase 0
cursorMainWord: Phrase 1
cursorMainWord: Phrase 2
cursorMainWord: Phrase 3
cursorMainWord: Phrase 4
cursorMainWord: Phrase 5
cursorMainWord: Phrase 0
cursorMainWord: Phrase 1
cursorMainWord: Phrase 2
cursorMainWord: Phrase 3
cursorMainWord: Phrase 4
cursorMainWord: Phrase 5
cursorMainWord: Phrase 6
cursorMainWord: Phrase 7
cursorMainWord: Phrase 8
cursorMainWord: Phrase 9
cursorMainWord: Phrase 10
cursorMainWord: Phrase 11
cursorMainWord: Phrase 12
cursorMainWord: Phrase 13
cursorMainWord: Phrase 14
cursorMainWord: Phrase 15
cursorMainWord: Phrase 16
cursorMainWord: Phrase 17
cursorMainWord: Phrase 18
cursorMainWord: Phrase 0
cursorMainWord: Phrase 1
cursorMainWord: Phrase 2
cursorMainWord: Phrase 3
cursorMainWord: Phrase 4
cursorMainWord: Phrase 5
cursorMainWord: Phrase 6
cursorMainWord: Phrase 7
cursorMainWord: Phrase 8
cursorMainWord: Phrase 9
cursorMainWord: Phrase 10
cursorMainWord: Phrase 11
cursorMainWord: Phrase 12
cursorMainWord: Phrase 13
cursorMainWord: Phrase 14
cursorMainWord: Phrase 15
cursorMainWord: Phrase 16
cursorMainWord: Phrase 17
cursorMainWord: Phrase 18
cursorMainWord: Phrase 19
cursorMainWord: Phrase 20
cursorMainWord: Phrase 21
cursorMainWord: Phrase 22
cursorMainWord: Phrase 23
cursorMainWord: Phrase 24
cursorMainWord: Phrase 25
cursorMainWord: Phrase 26
cursorMainWord: Phrase 27
cursorMainWord: Phrase 28
cursorMainWord: Phrase 29
cursorMainWord: Phrase 30
cursorMainWord: Phrase 31
cursorMainWord: Phrase 32
cursorMainWord: Phrase 33
cursorMainWord: Phrase 34
cursorMainWord: Phrase 35
cursorMainWord: Phrase 36
cursorMainWord: Phrase 37
cursorMainWord: Phrase 38
cursorMainWord: Phrase 39
cursorMainWord: Phrase 40
cursorMainWord: Phrase 41
cursorMainWord: Phrase 42
cursorMainWord: Phrase 43
cursorMainWord: Phrase 44
cursorMainWord: Phrase 45
cursorMainWord: Phrase 46
cursorMainWord: Phrase 47
cursorMainWord: Phrase 48
cursorMainWord: Phrase 49
cursorMainWord: Phrase 50
cursorMainWord: Phrase 51
cursorMainWord: Phrase 52
cursorMainWord: Phrase 53
cursorMainWord: Phrase 54
cursorMainWord: Phrase 55
cursorMainWord: Phrase 56
cursorMainWord: Phrase 57
cursorMainWord: Phrase 58
cursorMainWord: Phrase 59
cursorMainWord: Phrase 0
cursorMainWord: Phrase 1
cursorMainWord: Phrase 2
cursorMainWord: Phrase 3
cursorMainWord: Phrase 4
cursorMainWord: Phrase 5
cursorMainWord: Phrase 6
cursorMainWord: Phrase 7
cursorMainWord: Phrase 8
cursorMainWord: Phrase 9
cursorMainWord: Phrase 10
cursorMainWord: Phrase 11
cursorMainWord: Phrase 12
cursorMainWord: Phrase 13
cursorMainWord: Phrase 14
each phrases' weight in Sentence 0
in Phrase 0
in Phrase 1
in Phrase 2
in Phrase 3
in Phrase 4
in Phrase 5
in Phrase 6
in Phrase 7
each phrases' weight in Sentence 1
in Phrase 0
in Phrase 1
in Phrase 2
in Phrase 3
in Phrase 4
in Phrase 5
each phrases' weight in Sentence 2
in Phrase 0
in Phrase 1
in Phrase 2
in Phrase 3
in Phrase 4
in Phrase 5
in Phrase 6
in Phrase 7
in Phrase 8
in Phrase 9
in Phrase 10
in Phrase 11
each phrases' weight in Sentence 3
in Phrase 0
in Phrase 1
in Phrase 2
in Phrase 3
in Phrase 4
in Phrase 5
in Phrase 6
in Phrase 7
in Phrase 8
each phrases' weight in Sentence 4
in Phrase 0
in Phrase 1
in Phrase 2
in Phrase 3
each phrases' weight in Sentence 5
in Phrase 0
in Phrase 1
in Phrase 2
in Phrase 3
in Phrase 4
in Phrase 5
in Phrase 6
in Phrase 7
each phrases' weight in Sentence 6
in Phrase 0
in Phrase 1
in Phrase 2
in Phrase 3
in Phrase 4
in Phrase 5
each phrases' weight in Sentence 7
in Phrase 0
in Phrase 1
in Phrase 2
in Phrase 3
in Phrase 4
in Phrase 5
in Phrase 6
in Phrase 7
in Phrase 8
in Phrase 9
in Phrase 10
in Phrase 11
in Phrase 12
in Phrase 13
in Phrase 14
in Phrase 15
in Phrase 16
in Phrase 17
in Phrase 18
each phrases' weight in Sentence 8
in Phrase 0
in Phrase 1
in Phrase 2
in Phrase 3
in Phrase 4
in Phrase 5
in Phrase 6
in Phrase 7
in Phrase 8
in Phrase 9
in Phrase 10
in Phrase 11
in Phrase 12
in Phrase 13
in Phrase 14
in Phrase 15
in Phrase 16
in Phrase 17
in Phrase 18
in Phrase 19
in Phrase 20
in Phrase 21
in Phrase 22
in Phrase 23
in Phrase 24
in Phrase 25
in Phrase 26
in Phrase 27
in Phrase 28
in Phrase 29
in Phrase 30
in Phrase 31
in Phrase 32
in Phrase 33
in Phrase 34
in Phrase 35
in Phrase 36
in Phrase 37
in Phrase 38
in Phrase 39
in Phrase 40
in Phrase 41
in Phrase 42
in Phrase 43
in Phrase 44
in Phrase 45
in Phrase 46
in Phrase 47
in Phrase 48
in Phrase 49
in Phrase 50
in Phrase 51
in Phrase 52
in Phrase 53
in Phrase 54
in Phrase 55
in Phrase 56
in Phrase 57
in Phrase 58
in Phrase 59
each phrases' weight in Sentence 9
in Phrase 0
in Phrase 1
in Phrase 2
in Phrase 3
in Phrase 4
in Phrase 5
in Phrase 6
in Phrase 7
in Phrase 8
in Phrase 9
in Phrase 10
in Phrase 11
in Phrase 12
in Phrase 13
in Phrase 14
